


Starting Main: Sun Oct 24 20:07:57 MDT 2021
	Compiling hash.cpp: Sun Oct 24 20:07:57 MDT 2021
	Compiling heap.cpp: Sun Oct 24 20:07:58 MDT 2021
	Compiling main.cpp: Sun Oct 24 20:07:58 MDT 2021
	Compiling utility.cpp: Sun Oct 24 20:07:59 MDT 2021
	Linking main: Sun Oct 24 20:07:59 MDT 2021
	Built Main: Sun Oct 24 20:08:00 MDT 2021


Starting Main: Sun Oct 24 20:08:08 MDT 2021
	Compiling hash.cpp: Sun Oct 24 20:08:09 MDT 2021
	Compiling heap.cpp: Sun Oct 24 20:08:09 MDT 2021
	Compiling assign3.cpp: Sun Oct 24 20:08:10 MDT 2021
	Compiling utility.cpp: Sun Oct 24 20:08:10 MDT 2021
	Linking Assign3: Sun Oct 24 20:08:11 MDT 2021
	Built Assign3: Sun Oct 24 20:08:11 MDT 2021

Running Assign3: Sun Oct 24 20:08:11 MDT 2021

==14310== error calling PR_SET_PTRACER, vgdb might block
argc: 3
argv[0]: ./assign3
argv[1]: A Scandal in Bohemia.txt
argv[2]: sorted.txt

Hello, World! from inside assign3.cpp	Last Modified: 10-24-21

Finished Assign3: Sun Oct 24 20:08:23 MDT 2021 




Starting Tests: Sun Oct 24 20:08:35 MDT 2021
	Compiling hash.cpp: Sun Oct 24 20:08:35 MDT 2021
	Compiling heap.cpp: Sun Oct 24 20:08:36 MDT 2021
	Compiling test.cpp: Sun Oct 24 20:08:36 MDT 2021
	Compiling utility.cpp: Sun Oct 24 20:08:37 MDT 2021
	Linking tests: Sun Oct 24 20:08:37 MDT 2021
	Built test: Sun Oct 24 20:08:38 MDT 2021

Running Tests: Sun Oct 24 20:08:38 MDT 2021

==14370== error calling PR_SET_PTRACER, vgdb might block

Hello, World! from test.cpp   		Last Modified: 10-11-21
Hello, World! from heap.cpp   		Last Modified: 10-24-21
Hello, World! from hash.cpp   		Last Modified: 10-11-21

Testing utility.cpp
Testing readfile function: wrong input file
	File not found: test.txt
Testing readfile function: correct input file
		Hashtable Size:			8335
		Hashtable Capacity:		20000
		Hashtable Load Factor:		0.41675
		Hashtable Max Load Factor:	0.8
Testing scrub function: He1l123lo, W''""orld123123123125555@;';./.,;!@^*^(^%&&$#{}|}]\`~!
	hello world
Testing scrub function: readfile internal usage
	Scrub Passed
Finished utility.cpp tests

Testing test.cpp
Testing Hashtable and read_file:
		Hashtable Size:			8335
		Hashtable Capacity:		20000
		Hashtable Load Factor:		0.41675
		Hashtable Max Load Factor:	0.5
Word:				the
Frequency:			5620
Size of Wordlist:	8335

Ending execution of test.cpp

Finished Tests: Sun Oct 24 20:08:52 MDT 2021 




Starting Main: Thu Oct 28 08:59:53 MDT 2021
	Compiling hash.cpp: Thu Oct 28 08:59:53 MDT 2021
	Compiling heap.cpp: Thu Oct 28 08:59:54 MDT 2021
	Compiling assign3.cpp: Thu Oct 28 08:59:55 MDT 2021
	Compiling utility.cpp: Thu Oct 28 08:59:56 MDT 2021
	Linking Assign3: Thu Oct 28 08:59:56 MDT 2021
	Built Assign3: Thu Oct 28 08:59:57 MDT 2021

Running Assign3: Thu Oct 28 08:59:57 MDT 2021

==239== error calling PR_SET_PTRACER, vgdb might block
argc: 3
argv[0]: ./assign3
argv[1]: A Scandal in Bohemia.txt
argv[2]: sorted.txt

Hello, World! from inside assign3.cpp	Last Modified: 10-24-21

Finished Assign3: Thu Oct 28 09:00:19 MDT 2021 


